EX: Author
========== AUTHOR FILE ==========
Author file OK.
=================================
Note = 1

EX: Str_capitalizer
= STR_CAPITALIZER ==============================================================

== Test 1
$ ./user_exe "hIeR soir ma GrAnd meRe a Achete 1 grille-pAiN Il eTaIT VERT ca l'A rEnduE malade ..."

$ diff --suppress-common-lines user.out test1.output | cat -e
Good !

== Test 2
$ ./user_exe "S'enTOuRer dE sECreT eSt uN sIGnE De mAnQuE De coNNaiSSanCe .  "

$ diff --suppress-common-lines user.out test2.output | cat -e
Good !

== Test 3
$ ./user_exe "    3:21 Ba  tOut  moUn ki Ka di KE m'en Ka fe fot"

$ diff --suppress-common-lines user.out test3.output | cat -e
Good !

== Test 4
$ ./user_exe "Pour l'Imperium" "de l'Humanite" "et suRTOUT eQuestriA :) "

$ diff --suppress-common-lines user.out test4.output | cat -e
Good !

== Test 5
$ ./user_exe "..."

$ diff --suppress-common-lines user.out test5.output | cat -e
Good !

== Test 6
$ ./user_exe ""

$ diff --suppress-common-lines user.out test6.output | cat -e
Good !

================================================================================
Note = 5

EX: Ft_rrange
= FT_RRANGE ====================================================================

== Test 1
$ ./user_exe 
$ diff --suppress-common-lines user.out test0.output | cat -e
Good !

================================================================================
Note = 4

EX: Rev_wstr
= REV_WSTR =====================================================================

== Test 1
$ ./user_exe "THERE'S BUTTER ON MY FACE"

$ diff --suppress-common-lines user.out test1.output | cat -e
Good !

== Test 2
$ ./user_exe "vingt-huit mille spatules au gravillon"

$ diff --suppress-common-lines user.out test2.output | cat -e
Good !

== Test 3
$ ./user_exe "..."

$ diff --suppress-common-lines user.out test3.output | cat -e
Good !

== Test 4
$ ./user_exe ""

$ diff --suppress-common-lines user.out test4.output | cat -e
Good !

================================================================================
Note = 3

EX: Rsort_params
= RSORT_PARAMS =================================================================

== Test 1
$ ./user_exe "aujourd'hui" "on" "mange" "cubain"

$ diff --suppress-common-lines user.out test1.output | cat -e
Good !

== Test 2
$ ./user_exe "les " " stagiaires" "du" "Bocal" "ne" "Sentent" "   PAS" "toujours " "tres" "b0n"

$ diff --suppress-common-lines user.out test2.output | cat -e
Good !

== Test 3
$ ./user_exe "..."

$ diff --suppress-common-lines user.out test3.output | cat -e
Good !

== Test 4
$ ./user_exe ""

$ diff --suppress-common-lines user.out test4.output | cat -e
Good !

================================================================================
Note = 2

EX: Infin_add
= INFIN_ADD ====================================================================

== Test 1
$ ./user_exe "0" "0"

$ diff --suppress-common-lines user.out test1.output | cat -e
Good !

== Test 2
$ ./user_exe "1" "0"

$ diff --suppress-common-lines user.out test2.output | cat -e
Good !

== Test 3
$ ./user_exe "0" "-2"

$ diff --suppress-common-lines user.out test3.output | cat -e
Good !

== Test 4
$ ./user_exe "21" "42"

$ diff --suppress-common-lines user.out test4.output | cat -e
Good !

== Test 5
$ ./user_exe "4894398524132130" "5906754239"

$ diff --suppress-common-lines user.out test5.output | cat -e
Good !

== Test 6
$ ./user_exe "-4495409524185401471245" "1320806358203958045104122132132146"

$ diff --suppress-common-lines user.out test6.output | cat -e
Good !

== Test 7
$ ./user_exe "-395450348096354305805" "-65849062158917658342568439612590230455643092"

$ diff --suppress-common-lines user.out test7.output | cat -e
Good !

================================================================================
Note = 2

EX: Infin_mult
= INFIN_MULT ===================================================================
i686-apple-darwin11-llvm-gcc-4.2: no input files

Aborted: Cannot compile
Note = 0

Note Finale: 17
Commentaire: Author: OK (1 pts) / Str_capitalizer: OK (5 pts) / Ft_rrange: OK (4 pts) / Rev_wstr: OK (3 pts) / Rsort_params: OK (2 pts) / Infin_add: OK (2 pts) / Infin_mult: Ne compile pas
