EX: Author
= AUTHOR FILE ==================================================================
Author file OK.
================================================================================
Note = 1

EX: max
= MAX ==========================================================================
Aborted: No files found
Note = 0

EX: str_capitalizer
= STR_CAPITALIZER ==============================================================
Aborted: No files found
Note = 0

EX: ft_strdup
= FT_STRDUP ====================================================================
Aborted: No files found
Note = 0

EX: union
= UNION ========================================================================
Aborted: No files found
Note = 0

EX: pgcd
= PGCD =========================================================================
Aborted: No files found
Note = 0

EX: str_maxlenoc
= STR_MAXLENOC =================================================================
Aborted: No files found
Note = 0

EX: g_diam
= G_DIAM =======================================================================

== Test 1
$ ./user_exe "9-23 9-2122 2122-23 2122-24 31-2122 31-41 71-31 8-71 42-71"

6

$ diff --suppress-common-lines user.out test1.output | cat -e
Good !

== Test 2
$ ./user_exe "5-56 9-56 7-9 49-9 49-36 7-36 21-7 21-17"

8

$ diff --suppress-common-lines user.out test2.output | cat -e
Good !

== Test 3
$ ./user_exe "0-4 0-3 0-1 0-2 1-2 1-0 1-4 1-5 2-4 3-2 3-4 3-0 3-1 4-0 4-1 4-5 4-2 5-4 5-3 5-1 5-0"

6

$ diff --suppress-common-lines user.out test3.output | cat -e
Good !

== Test 4
$ ./user_exe "0-2 0-3 0-1 1-3 1-2 2-3 3-1 3-0"

4

$ diff --suppress-common-lines user.out test4.output | cat -e
Good !

== Test 5
$ ./user_exe "0-2 0-1 1-3 1-4 1-5 1-2 2-6 2-1 3-2 3-7 3-6 3-1 4-1 4-7 4-6 5-6 5-2 6-5 6-7 6-4 6-3 6-1 6-0 6-2 7-1 7-5 7-3"

8

$ diff --suppress-common-lines user.out test5.output | cat -e
Good !

== Test 6
$ ./user_exe "0-2 0-1 1-3 1-6 1-0 1-5 2-5 2-6 3-6 3-4 3-5 3-0 3-1 3-2 4-6 5-4 5-2 5-0 5-3 5-6 6-0"

7

$ diff --suppress-common-lines user.out test6.output | cat -e
Good !

================================================================================
Note = 5

EX: death_race
= DEATH_RACE ===================================================================
== Test 1
$ diff --suppress-common-lines secret corr_secret | cat -e

================================================================================
Note = 2

EX: time_lord
= TIME_LORD ====================================================================
== Test 1
$ diff --suppress-common-lines secret corr_secret | cat -e

================================================================================
Note = 2

EX: hl3
= HALF_LIFE_3 ==================================================================
Aborted: No files found
Note = 0

Note Finale: 29
Commentaire: Author: OK (1 pts) / max: Pas de rendu / str_capitalizer: Pas de rendu / ft_strdup: Pas de rendu / union: Pas de rendu / pgcd: Pas de rendu / str_maxlenoc: Pas de rendu / g_diam: OK (5 pts) / death_race: OK (2 pts) / time_lord: OK (2 pts) / hl3: Pas de rendu
