EX: Author
========== AUTHOR FILE ==========
Author file OK.
=================================
Note = 1

EX: Ulstr
========== ULSTR ==========
Compiling /tmp/tmptUXwVldeepthought-work-directory/ulstr.c
$ gcc /tmp/tmptUXwVldeepthought-work-directory/ulstr.c -o ./user_ulstr

- Test [./user_ulstr "L'eSPrit nE peUt plUs pRogResSer s'Il staGne et sI peRsIsTent VAnIte et auto-justification." | cat -e] OK !
- Test [./user_ulstr "S'enTOuRer dE sECreT eSt uN sIGnE De mAnQuE De coNNaiSSanCe.  " | cat -e] OK !
- Test [./user_ulstr "3:21 Ba  tOut  moUn ki Ka di KE m'en Ka fe fot" | cat -e] OK !
- Test [./user_ulstr "Pour l'Imperium de l'Humanite" | cat -e] OK !
- Test [./user_ulstr "..." | cat -e] OK !
- Test [./user_ulstr "" | cat -e] OK !
===========================
Note = 5

EX: Wdmatch
========== WDMATCH ==========
Compiling /tmp/tmpRpSrsrdeepthought-work-directory/wdmatch.c
$ gcc /tmp/tmpRpSrsrdeepthought-work-directory/wdmatch.c -o ./user_wdmatch

- Test [./user_wdmatch "faya" "fgvvfdxcacpolhyghbreda" | cat -e] OK !
- Test [./user_wdmatch "faya" "fgvvfdxcacpolhyghbred" | cat -e] OK !
- Test [./user_wdmatch "quarante deux" "qfqfsudf arzgsayns tsregfdgs sjytdekuoixq " | cat -e] OK !
- Test [./user_wdmatch "error" "rrerrrfiiljdfxjyuifrrvcoojh" | cat -e] OK !
- Test [./user_wdmatch "... un dernier pour la route" "... UN DERNIER POUR LA ROUTE" | cat -e] OK !
- Test [./user_wdmatch "oui" "qowueir" | cat -e] OK !
- Test [./user_wdmatch "" "" | cat -e] OK !
============================
Note = 4

EX: Ft_strdup
========== FT_STRDUP ==========
Compiling /tmp/tmpRWUyJ4deepthought-work-directory/test0.c /tmp/tmpRWUyJ4deepthought-work-directory/ft_strdup.c
$ gcc /tmp/tmpRWUyJ4deepthought-work-directory/test0.c /tmp/tmpRWUyJ4deepthought-work-directory/ft_strdup.c -o ./user_g_diam

$ diff --suppress-common-lines ./user.out /tmp/tmpRWUyJ4deepthought-work-directory/test0.output | cat -e
Good !
===============================
Note = 3

EX: Inter
========== INTER ==========
Compiling /tmp/tmpskmzKpdeepthought-work-directory/inter.c
$ gcc /tmp/tmpskmzKpdeepthought-work-directory/inter.c -o ./user_inter

- Test [./user_inter "padinton" "paqefwtdjetyiytjneytjoeyjnejeyj" | cat -e] OK !
- Test [./user_inter "ddf6vewg64f" "gtwthgdwthdwfteewhrtag6h4ffdhsd" | cat -e] OK !
- Test [./user_inter "rien" "cette phrase ne cache rien" | cat -e] OK !
- Test [./user_inter "" "" | cat -e] OK !
- Test [./user_inter "asdfqwerzxxcv123454" "1234gfds6543fghj" | cat -e] OK !
===========================
Note = 2

EX: Str_maxlenoc
========== STR_MAXLENOC ==========
Compiling /tmp/tmpwR7pBmdeepthought-work-directory/str_maxlenoc.c
$ gcc /tmp/tmpwR7pBmdeepthought-work-directory/str_maxlenoc.c -o ./user_str_maxlenoc

- Test [./user_str_maxlenoc "Bonjour" | cat -e] OK !
- Test [./user_str_maxlenoc "bonjouran" "bonjouran" "confiseriean" "bonne annee" | cat -e] OK !
- Test [./user_str_maxlenoc "bonjour an" "bonjour an" "confiserie an" "bonne annee" | cat -e] OK !
- Test [./user_str_maxlenoc "voila" "voila" "ouais ben voila" | cat -e] OK !
- Test [./user_str_maxlenoc "bosdsdfnjodur" "atehhellosd" "afkuonjosurafg" "headfgllosf" "fghellosag afdfbosnjourafg" | cat -e] OK !
==================================
Note = 2

EX: Count Island
========== COUNT ISLAND ==========
Compiling /tmp/tmpEVCIc1deepthought-work-directory/count_island.c
$ gcc /tmp/tmpEVCIc1deepthought-work-directory/count_island.c -o ./user_count_island

$ diff --suppress-common-lines ./user.out /tmp/tmpEVCIc1deepthought-work-directory/test1.output | cat -e
Good !
$ diff --suppress-common-lines ./user.out /tmp/tmpEVCIc1deepthought-work-directory/test2.output | cat -e
Good !
$ diff --suppress-common-lines ./user.out /tmp/tmpEVCIc1deepthought-work-directory/test3.output | cat -e
Good !
$ diff --suppress-common-lines ./user.out /tmp/tmpEVCIc1deepthought-work-directory/test4.output | cat -e
KO :(
Difference: < le votre, > le notre
1,12c1$
< ...................................................................$
< ...0........0.....11111......2222222...3333333333..4444444444......$
< ...00......00....11...11....22.....22.....3333.....4444444444......$
< ...0000..0000...11.....11...22.....22......33......44..............$
< ...00.0000.00...11.....11...22.....22......33......44..............$
< ...00...0..00...11.....11...22222222.......33......44144...........$
< ...00......00...111111111...2222...........33......44444...........$
< ...00......00..11.......11..22.22..........33......44..............$
< ...00......00..11.......11..22...5.........33......44..............$
< ...00......00..11.......11..22....6......333333....4444444444......$
< ...00......00.11.........11.22.....77..3333333333..4444444444..8...$
< ...................................................................$
---$
> $

==================================
Note = 0

Note Finale: 17
Commentaire: Author: OK (1 pts) / Ulstr: OK (5 pts) / Wdmatch: OK (4 pts) / Ft_strdup: OK (3 pts) / Inter: OK (2 pts) / Str_maxlenoc: OK (2 pts) / Count Island: Fail
